<?xml version="1.0" encoding="UTF-8"?>
<testng-results skipped="0" failed="0" ignored="0" total="1" passed="1">
  <reporter-output>
  </reporter-output>
  <suite name="Default suite" duration-ms="63639" started-at="2020-01-06T18:39:04Z" finished-at="2020-01-06T18:40:07Z">
    <groups>
    </groups>
    <test name="Default test" duration-ms="63639" started-at="2020-01-06T18:39:04Z" finished-at="2020-01-06T18:40:07Z">
      <class name="example.Runner">
        <test-method status="PASS" signature="setup()[pri:0, instance:example.Runner@47c62251]" name="setup" is-config="true" duration-ms="9659" started-at="2020-01-06T18:39:04Z" finished-at="2020-01-06T18:39:14Z">
          <reporter-output>
          </reporter-output>
        </test-method> <!-- setup -->
        <test-method status="PASS" signature="comapre()[pri:0, instance:example.Runner@47c62251]" name="comapre" duration-ms="52716" started-at="2020-01-06T18:39:14Z" finished-at="2020-01-06T18:40:06Z">
          <reporter-output>
          </reporter-output>
        </test-method> <!-- comapre -->
        <test-method status="PASS" signature="teardown()[pri:0, instance:example.Runner@47c62251]" name="teardown" is-config="true" duration-ms="1117" started-at="2020-01-06T18:40:06Z" finished-at="2020-01-06T18:40:07Z">
          <reporter-output>
          </reporter-output>
        </test-method> <!-- teardown -->
      </class> <!-- example.Runner -->
    </test> <!-- Default test -->
  </suite> <!-- Default suite -->
</testng-results>
